Determining if the pthread_create exist failed with the following output:
Change Dir: /home/russell/C++_Workspace/boost_fun/CMakeFiles/CMakeTmp

Run Build Command:"/usr/bin/make" "cmTC_5b5fd/fast"
/usr/bin/make -f CMakeFiles/cmTC_5b5fd.dir/build.make CMakeFiles/cmTC_5b5fd.dir/build
make[1]: Entering directory '/home/russell/C++_Workspace/boost_fun/CMakeFiles/CMakeTmp'
Building C object CMakeFiles/cmTC_5b5fd.dir/CheckSymbolExists.c.o
/usr/bin/cc     -o CMakeFiles/cmTC_5b5fd.dir/CheckSymbolExists.c.o   -c /home/russell/C++_Workspace/boost_fun/CMakeFiles/CMakeTmp/CheckSymbolExists.c
Linking C executable cmTC_5b5fd
/usr/bin/cmake -E cmake_link_script CMakeFiles/cmTC_5b5fd.dir/link.txt --verbose=1
/usr/bin/cc       CMakeFiles/cmTC_5b5fd.dir/CheckSymbolExists.c.o  -o cmTC_5b5fd 
CMakeFiles/cmTC_5b5fd.dir/CheckSymbolExists.c.o: In function `main':
CheckSymbolExists.c:(.text+0x16): undefined reference to `pthread_create'
collect2: error: ld returned 1 exit status
CMakeFiles/cmTC_5b5fd.dir/build.make:97: recipe for target 'cmTC_5b5fd' failed
make[1]: *** [cmTC_5b5fd] Error 1
make[1]: Leaving directory '/home/russell/C++_Workspace/boost_fun/CMakeFiles/CMakeTmp'
Makefile:126: recipe for target 'cmTC_5b5fd/fast' failed
make: *** [cmTC_5b5fd/fast] Error 2

File /home/russell/C++_Workspace/boost_fun/CMakeFiles/CMakeTmp/CheckSymbolExists.c:
/* */
#include <pthread.h>

int main(int argc, char** argv)
{
  (void)argv;
#ifndef pthread_create
  return ((int*)(&pthread_create))[argc];
#else
  (void)argc;
  return 0;
#endif
}

Determining if the function pthread_create exists in the pthreads failed with the following output:
Change Dir: /home/russell/C++_Workspace/boost_fun/CMakeFiles/CMakeTmp

Run Build Command:"/usr/bin/make" "cmTC_3909a/fast"
/usr/bin/make -f CMakeFiles/cmTC_3909a.dir/build.make CMakeFiles/cmTC_3909a.dir/build
make[1]: Entering directory '/home/russell/C++_Workspace/boost_fun/CMakeFiles/CMakeTmp'
Building C object CMakeFiles/cmTC_3909a.dir/CheckFunctionExists.c.o
/usr/bin/cc    -DCHECK_FUNCTION_EXISTS=pthread_create   -o CMakeFiles/cmTC_3909a.dir/CheckFunctionExists.c.o   -c /usr/share/cmake-3.5/Modules/CheckFunctionExists.c
Linking C executable cmTC_3909a
/usr/bin/cmake -E cmake_link_script CMakeFiles/cmTC_3909a.dir/link.txt --verbose=1
/usr/bin/cc   -DCHECK_FUNCTION_EXISTS=pthread_create    CMakeFiles/cmTC_3909a.dir/CheckFunctionExists.c.o  -o cmTC_3909a -lpthreads 
/usr/bin/ld: cannot find -lpthreads
collect2: error: ld returned 1 exit status
CMakeFiles/cmTC_3909a.dir/build.make:97: recipe for target 'cmTC_3909a' failed
make[1]: *** [cmTC_3909a] Error 1
make[1]: Leaving directory '/home/russell/C++_Workspace/boost_fun/CMakeFiles/CMakeTmp'
Makefile:126: recipe for target 'cmTC_3909a/fast' failed
make: *** [cmTC_3909a/fast] Error 2


